<?xml version="1.0" encoding="UTF-8"?>
<testsuite xmlns:xsi="http://www.w3.org/2001/XMLSchema-instance" xsi:noNamespaceSchemaLocation="https://maven.apache.org/surefire/maven-surefire-plugin/xsd/surefire-test-report-3.0.xsd" version="3.0" name="testsmell.TestFileTest" time="0.107" tests="8" errors="0" skipped="4" failures="0">
  <properties>
[...]
</properties>
  <testcase name="testGetRelativeProductionFilePathWindows" classname="testsmell.TestFileTest" time="0.049"/>
  <testcase name="testGetRelativeProductionFilePathUnix" classname="testsmell.TestFileTest" time="0">
    <skipped message="Disabled on operating system: Windows 10"/>
  </testcase>
  <testcase name="testGetProductionFileNameUnix" classname="testsmell.TestFileTest" time="0">
    <skipped message="Disabled on operating system: Windows 10"/>
  </testcase>
  <testcase name="testProductionFileNameWindows" classname="testsmell.TestFileTest" time="0.002"/>
  <testcase name="testGetRelativeTestFilePathUnix" classname="testsmell.TestFileTest" time="0">
    <skipped message="Disabled on operating system: Windows 10"/>
  </testcase>
  <testcase name="testGetFileNameWindows" classname="testsmell.TestFileTest" time="0.004"/>
  <testcase name="testGetRelativeTestFilePathWindows" classname="testsmell.TestFileTest" time="0.002"/>
  <testcase name="testGetFileNameUnix" classname="testsmell.TestFileTest" time="0">
    <skipped message="Disabled on operating system: Windows 10"/>
  </testcase>
</testsuite>